<?xml version="1.0" encoding="UTF-8"?>
<testsuite xmlns:xsi="http://www.w3.org/2001/XMLSchema-instance" xsi:noNamespaceSchemaLocation="https://maven.apache.org/surefire/maven-surefire-plugin/xsd/surefire-test-report.xsd" name="com.softwaretesting.testing.dao.CustomerRepositoryTest" time="5.04" tests="4" errors="0" skipped="0" failures="0">
  <properties>
[...]
</properties>
  <testcase name="testFindByUserNameFailed" classname="com.softwaretesting.testing.dao.CustomerRepositoryTest" time="0.23"/>
  <testcase name="testSelectCustomerByPhoneNumberSuccess" classname="com.softwaretesting.testing.dao.CustomerRepositoryTest" time="0.038"/>
  <testcase name="testFindByUserNameSuccess" classname="com.softwaretesting.testing.dao.CustomerRepositoryTest" time="0.011"/>
  <testcase name="testSelectCustomerByPhoneNumberFailed" classname="com.softwaretesting.testing.dao.CustomerRepositoryTest" time="0.009"/>
</testsuite>